{"logTime": "0221/031656", "correlationVector":"Gf9Owt8wZhv6IrZW96f+fV.1","action":"SyncServerConnectionManagerRequest", "result":"SYNC_SERVER_OK", "context":{"environment":"Prod_southindia_prod-s01-004-apac-southindia", "migrationStage":"NotStarted", "server":"akswtt00900001q"}}
{"logTime": "0221/031656", "correlationVector":"Gf9Owt8wZhv6IrZW96f+fV.2","action":"ProcessGetUpdates", "result":"Done", "context":{"dataType":"Encryption Keys", "deleted":"0", "process_failed_to_decrypt":"0", "process_pending_decryption":"0", "process_success":"1", "total":"1"}}
{"logTime": "0221/031657", "correlationVector":"1MevG5CESprfSpyAk0w8II","action":"SyncServerConnectionManagerRequest", "result":"SYNC_SERVER_OK", "context":{"environment":"", "migrationStage":"", "server":""}}
{"logTime": "0221/031657", "correlationVector":"Gf9Owt8wZhv6IrZW96f+fV","action":"Initial GetUpdates", "result":"", "context":Reason: NEW_CLIENT. cV=Gf9Owt8wZhv6IrZW96f+fV}
{"logTime": "0221/031657", "correlationVector":"Gf9Owt8wZhv6IrZW96f+fV.3","action":"GetUpdates Response", "result":"Success", "context":Received 1 update(s). cV=Gf9Owt8wZhv6IrZW96f+fV.0;server=akswtt00900001q;cloudType=Consumer;environment=Prod_southindia_prod-s01-004-apac-southindia;migrationStage=NotStarted}
{"logTime": "0221/031657", "correlationVector":"IpRe99mPjSpB1lO0Z/Zftb","action":"Initial GetUpdates", "result":"", "context":Reason: NEWLY_SUPPORTED_DATATYPE. cV=IpRe99mPjSpB1lO0Z/Zftb}
{"logTime": "0221/031658", "correlationVector":"IpRe99mPjSpB1lO0Z/Zftb.1","action":"SyncServerConnectionManagerRequest", "result":"SYNC_SERVER_OK", "context":{"environment":"Prod_southindia_prod-s01-004-apac-southindia", "migrationStage":"NotStarted", "server":"akswtt009000047"}}
{"logTime": "0221/031658", "correlationVector":"IpRe99mPjSpB1lO0Z/Zftb.2","action":"ProcessGetUpdates", "result":"Done", "context":{"dataType":"Preferences", "deleted":"0", "process_failed_to_decrypt":"0", "process_pending_decryption":"0", "process_success":"60", "total":"60"}}
{"logTime": "0221/031658", "correlationVector":"IpRe99mPjSpB1lO0Z/Zftb.3","action":"ProcessGetUpdates", "result":"Done", "context":{"dataType":"Passwords", "deleted":"0", "process_failed_to_decrypt":"0", "process_pending_decryption":"0", "process_success":"42", "total":"42"}}
{"logTime": "0221/031658", "correlationVector":"IpRe99mPjSpB1lO0Z/Zftb.4","action":"ProcessGetUpdates", "result":"Done", "context":{"dataType":"Device Info", "deleted":"0", "process_failed_to_decrypt":"0", "process_pending_decryption":"0", "process_success":"1", "total":"1"}}
{"logTime": "0221/031658", "correlationVector":"IpRe99mPjSpB1lO0Z/Zftb.5","action":"GetUpdates Response", "result":"Success", "context":Received 103 update(s). cV=IpRe99mPjSpB1lO0Z/Zftb.0;server=akswtt009000047;cloudType=Consumer;environment=Prod_southindia_prod-s01-004-apac-southindia;migrationStage=NotStarted}
{"logTime": "0221/031658", "correlationVector":"YW76QvhyHVtrknOFZV37H0","action":"Initial GetUpdates", "result":"", "context":Reason: NEWLY_SUPPORTED_DATATYPE. cV=YW76QvhyHVtrknOFZV37H0}
{"logTime": "0221/031658", "correlationVector":"YW76QvhyHVtrknOFZV37H0.1","action":"SyncServerConnectionManagerRequest", "result":"SYNC_SERVER_OK", "context":{"environment":"Prod_southindia_prod-s01-004-apac-southindia", "migrationStage":"NotStarted", "server":"akswtt009000060"}}
{"logTime": "0221/031658", "correlationVector":"YW76QvhyHVtrknOFZV37H0.2","action":"ProcessGetUpdates", "result":"Done", "context":{"dataType":"Bookmarks", "deleted":"0", "process_failed_to_decrypt":"0", "process_pending_decryption":"0", "process_success":"5", "total":"5"}}
{"logTime": "0221/031658", "correlationVector":"YW76QvhyHVtrknOFZV37H0.3","action":"GetUpdates Response", "result":"Success", "context":Received 5 update(s). cV=YW76QvhyHVtrknOFZV37H0.0;server=akswtt009000060;cloudType=Consumer;environment=Prod_southindia_prod-s01-004-apac-southindia;migrationStage=NotStarted}
{"logTime": "0221/031659", "correlationVector":"wst1OlLPuA0uodFRW3hk0D","action":"Initial GetUpdates", "result":"", "context":Reason: NEWLY_SUPPORTED_DATATYPE. cV=wst1OlLPuA0uodFRW3hk0D}
{"logTime": "0221/031659", "correlationVector":"wst1OlLPuA0uodFRW3hk0D.1","action":"SyncServerConnectionManagerRequest", "result":"SYNC_SERVER_OK", "context":{"environment":"Prod_southindia_prod-s01-004-apac-southindia", "migrationStage":"NotStarted", "server":"akswtt00900003x"}}
{"logTime": "0221/031659", "correlationVector":"wst1OlLPuA0uodFRW3hk0D.2","action":"ProcessGetUpdates", "result":"Done", "context":{"dataType":"Autofill Profiles", "deleted":"0", "process_failed_to_decrypt":"0", "process_pending_decryption":"0", "process_success":"4", "total":"4"}}
{"logTime": "0221/031659", "correlationVector":"wst1OlLPuA0uodFRW3hk0D.3","action":"ProcessGetUpdates", "result":"Done", "context":{"dataType":"Autofill", "deleted":"0", "process_failed_to_decrypt":"0", "process_pending_decryption":"0", "process_success":"8", "total":"8"}}
{"logTime": "0221/031659", "correlationVector":"wst1OlLPuA0uodFRW3hk0D.4","action":"ProcessGetUpdates", "result":"Done", "context":{"dataType":"Extensions", "deleted":"0", "process_failed_to_decrypt":"0", "process_pending_decryption":"0", "process_success":"4", "total":"4"}}
{"logTime": "0221/031659", "correlationVector":"wst1OlLPuA0uodFRW3hk0D.5","action":"ProcessGetUpdates", "result":"Done", "context":{"dataType":"Sessions", "deleted":"29", "process_failed_to_decrypt":"0", "process_pending_decryption":"0", "process_success":"34", "total":"34"}}
{"logTime": "0221/031659", "correlationVector":"wst1OlLPuA0uodFRW3hk0D.6","action":"ProcessGetUpdates", "result":"Done", "context":{"dataType":"Edge Hub App Usage", "deleted":"2", "process_failed_to_decrypt":"0", "process_pending_decryption":"0", "process_success":"2", "total":"2"}}
{"logTime": "0221/031659", "correlationVector":"wst1OlLPuA0uodFRW3hk0D.7","action":"GetUpdates Response", "result":"Success", "context":Received 52 update(s). cV=wst1OlLPuA0uodFRW3hk0D.0;server=akswtt00900003x;cloudType=Consumer;environment=Prod_southindia_prod-s01-004-apac-southindia;migrationStage=NotStarted}
{"logTime": "0221/031659", "correlationVector":"atbSClV+G75BN2zePGRggd","action":"Initial GetUpdates", "result":"", "context":Reason: NEWLY_SUPPORTED_DATATYPE. cV=atbSClV+G75BN2zePGRggd}
{"logTime": "0221/031700", "correlationVector":"atbSClV+G75BN2zePGRggd.1","action":"SyncServerConnectionManagerRequest", "result":"SYNC_SERVER_OK", "context":{"environment":"Prod_southindia_prod-s01-004-apac-southindia", "migrationStage":"NotStarted", "server":"akswtt009000042"}}
{"logTime": "0221/031700", "correlationVector":"atbSClV+G75BN2zePGRggd.2","action":"GetUpdates Response", "result":"Success", "context":Received 0 update(s). cV=atbSClV+G75BN2zePGRggd.0;server=akswtt009000042;cloudType=Consumer;environment=Prod_southindia_prod-s01-004-apac-southindia;migrationStage=NotStarted}
{"logTime": "0221/031700", "correlationVector":"kwLNSWGRjymbunF2WaHzLe","action":"Normal GetUpdate request", "result":"", "context":cV=kwLNSWGRjymbunF2WaHzLe
Nudged types: Passwords, Autofill, Sessions, Device Info, User Consents
Refresh requested types: Bookmarks, Preferences, Passwords, Autofill Profiles, Autofill, Extensions, Sessions, Extension settings, History Delete Directives, Device Info, User Consents, Send Tab To Self, Web Apps, History, Collection, Edge E Drop, Edge Hub App Usage, Edge Tab Group, Edge Wallet, Encryption Keys}
{"logTime": "0221/031700", "correlationVector":"kwLNSWGRjymbunF2WaHzLe.1","action":"SyncServerConnectionManagerRequest", "result":"SYNC_SERVER_OK", "context":{"environment":"Prod_southindia_prod-s01-004-apac-southindia", "migrationStage":"NotStarted", "server":"akswtt009000067"}}
{"logTime": "0221/031700", "correlationVector":"kwLNSWGRjymbunF2WaHzLe.2","action":"GetUpdates Response", "result":"Success", "context":Received 0 update(s). cV=kwLNSWGRjymbunF2WaHzLe.0;server=akswtt009000067;cloudType=Consumer;environment=Prod_southindia_prod-s01-004-apac-southindia;migrationStage=NotStarted}
{"logTime": "0221/031700", "correlationVector":"HAPes4aiPjRdn4enuiHIhT","action":"Commit Request", "result":"", "context":Item count: 7
Contributing types: Passwords, Autofill, Sessions, Device Info, User Consents}
{"logTime": "0221/031701", "correlationVector":"HAPes4aiPjRdn4enuiHIhT.1","action":"SyncServerConnectionManagerRequest", "result":"SYNC_SERVER_OK", "context":{"environment":"Prod_southindia_prod-s01-004-apac-southindia", "migrationStage":"NotStarted", "server":"akswtt00900000b"}}
{"logTime": "0221/031701", "correlationVector":"HAPes4aiPjRdn4enuiHIhT.2","action":"Commit Response", "result":"Success", "context":Result: Success. cV=HAPes4aiPjRdn4enuiHIhT.0;server=akswtt00900000b;cloudType=Consumer;environment=Prod_southindia_prod-s01-004-apac-southindia;migrationStage=NotStarted}
{"logTime": "0221/031713", "correlationVector":"bA/Xt44y3oB2dmK3nvV1LG","action":"Commit Request", "result":"", "context":Item count: 4
Contributing types: Autofill Profiles, Sessions, History}
{"logTime": "0221/031715", "correlationVector":"bA/Xt44y3oB2dmK3nvV1LG.1","action":"SyncServerConnectionManagerRequest", "result":"SYNC_SERVER_OK", "context":{"environment":"Prod_southindia_prod-s01-004-apac-southindia", "migrationStage":"NotStarted", "server":"akswtt009000042"}}
{"logTime": "0221/031715", "correlationVector":"bA/Xt44y3oB2dmK3nvV1LG.2","action":"Commit Response", "result":"Success", "context":Result: Success. cV=bA/Xt44y3oB2dmK3nvV1LG.0;server=akswtt009000042;cloudType=Consumer;environment=Prod_southindia_prod-s01-004-apac-southindia;migrationStage=NotStarted}
{"logTime": "0221/031718", "correlationVector":"9VE5tnMaOsRaNFr2JyyJOz","action":"Commit Request", "result":"", "context":Item count: 6
Contributing types: Autofill Profiles, Autofill, Sessions, History}
{"logTime": "0221/031720", "correlationVector":"9VE5tnMaOsRaNFr2JyyJOz.1","action":"SyncServerConnectionManagerRequest", "result":"SYNC_SERVER_OK", "context":{"environment":"Prod_southindia_prod-s01-004-apac-southindia", "migrationStage":"NotStarted", "server":"akswtt00900004d"}}
{"logTime": "0221/031720", "correlationVector":"9VE5tnMaOsRaNFr2JyyJOz.2","action":"Commit Response", "result":"Success", "context":Result: Success. cV=9VE5tnMaOsRaNFr2JyyJOz.0;server=akswtt00900004d;cloudType=Consumer;environment=Prod_southindia_prod-s01-004-apac-southindia;migrationStage=NotStarted}
{"logTime": "0221/031728", "correlationVector":"LUlKQBm/fvwo0fu+GE6zFl","action":"Commit Request", "result":"", "context":Item count: 5
Contributing types: Preferences, Passwords, Sessions, History}
{"logTime": "0221/031729", "correlationVector":"LUlKQBm/fvwo0fu+GE6zFl.1","action":"SyncServerConnectionManagerRequest", "result":"SYNC_SERVER_OK", "context":{"environment":"Prod_southindia_prod-s01-004-apac-southindia", "migrationStage":"NotStarted", "server":"akswtt00900005e"}}
{"logTime": "0221/031729", "correlationVector":"LUlKQBm/fvwo0fu+GE6zFl.2","action":"Commit Response", "result":"Success", "context":Result: Success. cV=LUlKQBm/fvwo0fu+GE6zFl.0;server=akswtt00900005e;cloudType=Consumer;environment=Prod_southindia_prod-s01-004-apac-southindia;migrationStage=NotStarted}
{"logTime": "0221/031757", "correlationVector":"y1HKLITEZzUhyVLuaLcciB","action":"Commit Request", "result":"", "context":Item count: 1
Contributing types: Preferences}
{"logTime": "0221/031758", "correlationVector":"y1HKLITEZzUhyVLuaLcciB.1","action":"SyncServerConnectionManagerRequest", "result":"SYNC_SERVER_OK", "context":{"environment":"Prod_southindia_prod-s01-004-apac-southindia", "migrationStage":"NotStarted", "server":"akswtt00900000r"}}
{"logTime": "0221/031758", "correlationVector":"y1HKLITEZzUhyVLuaLcciB.2","action":"Commit Response", "result":"Success", "context":Result: Success. cV=y1HKLITEZzUhyVLuaLcciB.0;server=akswtt00900000r;cloudType=Consumer;environment=Prod_southindia_prod-s01-004-apac-southindia;migrationStage=NotStarted}
{"logTime": "0221/031902", "correlationVector":"yJ5BVWRXweknLDv3GaLSDv","action":"Commit Request", "result":"", "context":Item count: 9
Contributing types: Sessions, History}
{"logTime": "0221/031904", "correlationVector":"yJ5BVWRXweknLDv3GaLSDv.1","action":"SyncServerConnectionManagerRequest", "result":"SYNC_SERVER_OK", "context":{"environment":"Prod_southindia_prod-s01-004-apac-southindia", "migrationStage":"NotStarted", "server":"akswtt00900004c"}}
{"logTime": "0221/031904", "correlationVector":"yJ5BVWRXweknLDv3GaLSDv.2","action":"Commit Response", "result":"Success", "context":Result: Success. cV=yJ5BVWRXweknLDv3GaLSDv.0;server=akswtt00900004c;cloudType=Consumer;environment=Prod_southindia_prod-s01-004-apac-southindia;migrationStage=NotStarted}
{"logTime": "0221/032116", "correlationVector":"EnK5SLLztrAC/Lvy7xlFML","action":"Commit Request", "result":"", "context":Item count: 2
Contributing types: Sessions}
{"logTime": "0221/032116", "correlationVector":"EnK5SLLztrAC/Lvy7xlFML.1","action":"SyncServerConnectionManagerRequest", "result":"SYNC_SERVER_OK", "context":{"environment":"Prod_southindia_prod-s01-004-apac-southindia", "migrationStage":"NotStarted", "server":"akswtt00900001j"}}
{"logTime": "0221/032116", "correlationVector":"EnK5SLLztrAC/Lvy7xlFML.2","action":"Commit Response", "result":"Success", "context":Result: Success. cV=EnK5SLLztrAC/Lvy7xlFML.0;server=akswtt00900001j;cloudType=Consumer;environment=Prod_southindia_prod-s01-004-apac-southindia;migrationStage=NotStarted}
{"logTime": "0221/032116", "correlationVector":"EnK5SLLztrAC/Lvy7xlFML.3","action":"Commit.Sessions", "result":"Success", "context":{"id":"4bdc5233-f5cc-4dd3-96c0-642b45553ce9", "isDeleted":"true", "size":"0", "version":"1740107945078"}}
