2025-02-21 03:13:56.849: [INFO][Sync] Reset engine, reason: 8
2025-02-21 03:13:56.849: [INFO][Sync] Stopped: Bookmarks
2025-02-21 03:13:56.849: [INFO][Sync] Stopped: Preferences
2025-02-21 03:13:56.849: [INFO][Sync] Stopped: Passwords
2025-02-21 03:13:56.849: [INFO][Sync] Stopped: Autofill Profiles
2025-02-21 03:13:56.849: [INFO][Sync] Stopped: Autofill
2025-02-21 03:13:56.849: [INFO][Sync] Stopped: Extensions
2025-02-21 03:13:56.849: [INFO][Sync] Stopped: Sessions
2025-02-21 03:13:56.849: [INFO][Sync] Stopped: Extension settings
2025-02-21 03:13:56.849: [INFO][Sync] Stopped: History Delete Directives
2025-02-21 03:13:56.849: [INFO][Sync] Stopped: Device Info
2025-02-21 03:13:56.849: [INFO][Sync] Stopped: User Consents
2025-02-21 03:13:56.849: [INFO][Sync] Stopped: Send Tab To Self
2025-02-21 03:13:56.849: [INFO][Sync] Stopped: Web Apps
2025-02-21 03:13:56.849: [INFO][Sync] Stopped: History
2025-02-21 03:13:56.849: [INFO][Sync] Stopped: Collection
2025-02-21 03:13:56.849: [INFO][Sync] Stopped: Edge E Drop
2025-02-21 03:13:56.849: [INFO][Sync] Stopped: Edge Hub App Usage
2025-02-21 03:13:56.849: [INFO][Sync] Stopped: Edge Tab Group
2025-02-21 03:13:56.849: [INFO][Sync] Stopped: Edge Wallet
2025-02-21 03:13:56.849: [INFO][Sync] SyncState after authenticated was: NotSignedIn
2025-02-21 03:13:57.477: [INFO][Sync] Reset engine, reason: 8
2025-02-21 03:13:57.477: [INFO][Sync] Stopped: Bookmarks
2025-02-21 03:13:57.477: [INFO][Sync] Stopped: Preferences
2025-02-21 03:13:57.477: [INFO][Sync] Stopped: Passwords
2025-02-21 03:13:57.477: [INFO][Sync] Stopped: Autofill Profiles
2025-02-21 03:13:57.477: [INFO][Sync] Stopped: Autofill
2025-02-21 03:13:57.477: [INFO][Sync] Stopped: Extensions
2025-02-21 03:13:57.477: [INFO][Sync] Stopped: Sessions
2025-02-21 03:13:57.477: [INFO][Sync] Stopped: Extension settings
2025-02-21 03:13:57.477: [INFO][Sync] Stopped: History Delete Directives
2025-02-21 03:13:57.477: [INFO][Sync] Stopped: Device Info
2025-02-21 03:13:57.477: [INFO][Sync] Stopped: User Consents
2025-02-21 03:13:57.477: [INFO][Sync] Stopped: Send Tab To Self
2025-02-21 03:13:57.477: [INFO][Sync] Stopped: Web Apps
2025-02-21 03:13:57.477: [INFO][Sync] Stopped: History
2025-02-21 03:13:57.477: [INFO][Sync] Stopped: Collection
2025-02-21 03:13:57.477: [INFO][Sync] Stopped: Edge E Drop
2025-02-21 03:13:57.477: [INFO][Sync] Stopped: Edge Hub App Usage
2025-02-21 03:13:57.477: [INFO][Sync] Stopped: Edge Tab Group
2025-02-21 03:13:57.477: [INFO][Sync] Stopped: Edge Wallet
2025-02-21 03:13:58.510: [INFO][Sync] Try to start sync engine
2025-02-21 03:13:58.515: [INFO][SyncManagerImpl::NudgeForInitialDownload] Initial download nudge for Encryption Keys
2025-02-21 03:13:58.515: [INFO][SyncEngineBackend::LoadAndConnectNigoriController] Load and connect Nigori controller
2025-02-21 03:13:58.515: [INFO][SyncEngineBackend::DoInitialize] Control Types added: Encryption Keys
2025-02-21 03:13:58.515: [INFO][SyncManagerImpl::ConfigureSyncer] Types to download: Encryption Keys with reason: 3
2025-02-21 03:13:58.515: [INFO][SyncSchedulerImpl::DoConfigurationSyncCycleJob] Configure job was blocked
2025-02-21 03:14:35.598: [INFO][SyncAuthManager::EdgeLogTokenErrorState] Token error with: EDGE_AUTH_ERROR: 3, 13, 800704cf for account type: MSA
2025-02-21 03:14:35.598: [INFO][Sync] Credentials changed for: EdgeSyncKeyDataScope
2025-02-21 03:14:35.823: [INFO][SyncAuthManager::EdgeLogTokenErrorState] Token error with: EDGE_AUTH_ERROR: 3, 13, 800704cf for account type: MSA
2025-02-21 03:14:35.823: [INFO][Sync] Credentials changed for: EdgeSyncScopeNew
2025-02-21 03:14:35.823: [WARN][Sync]    Token is empty
2025-02-21 03:14:35.825: [INFO][Sync] Connection status changed to: 2
2025-02-21 03:15:09.927: [INFO][SyncAuthManager::EdgeLogTokenErrorState] Token error with: EDGE_AUTH_ERROR: 3, 13, 800704cf for account type: MSA
2025-02-21 03:15:09.927: [INFO][Sync] Credentials changed for: EdgeSyncScopeNew
2025-02-21 03:15:09.927: [WARN][Sync]    Token is empty
2025-02-21 03:15:09.928: [INFO][Sync] Connection status changed to: 2
2025-02-21 03:15:11.331: [INFO][SyncAuthManager::EdgeLogTokenErrorState] Token error with: EDGE_AUTH_ERROR: 3, 13, 800704cf for account type: MSA
2025-02-21 03:15:11.331: [INFO][Sync] Credentials changed for: EdgeSyncKeyDataScope
2025-02-21 03:15:46.339: [INFO][SyncAuthManager::EdgeLogTokenErrorState] Token error with: EDGE_AUTH_ERROR: 3, 13, 800704cf for account type: MSA
2025-02-21 03:15:46.339: [INFO][Sync] Credentials changed for: EdgeSyncScopeNew
2025-02-21 03:15:46.339: [WARN][Sync]    Token is empty
2025-02-21 03:15:46.340: [INFO][Sync] Connection status changed to: 2
2025-02-21 03:15:46.725: [INFO][SyncAuthManager::EdgeLogTokenErrorState] Token error with: EDGE_AUTH_ERROR: 3, 13, 800704cf for account type: MSA
2025-02-21 03:15:46.725: [INFO][Sync] Credentials changed for: EdgeSyncKeyDataScope
2025-02-21 03:16:24.696: [INFO][SyncAuthManager::EdgeLogTokenErrorState] Token error with: EDGE_AUTH_ERROR: 3, 13, 800704cf for account type: MSA
2025-02-21 03:16:24.696: [INFO][Sync] Credentials changed for: EdgeSyncScopeNew
2025-02-21 03:16:24.697: [WARN][Sync]    Token is empty
2025-02-21 03:16:24.698: [INFO][Sync] Connection status changed to: 2
2025-02-21 03:16:25.649: [INFO][SyncAuthManager::EdgeLogTokenErrorState] Token error with: EDGE_AUTH_ERROR: 3, 13, 800704cf for account type: MSA
2025-02-21 03:16:25.649: [INFO][Sync] Credentials changed for: EdgeSyncKeyDataScope
2025-02-21 03:16:52.703: [INFO][SyncAuthManager::SetLastAuthError] Current auth error: None
2025-02-21 03:16:52.703: [INFO][SyncAuthManager::EdgeLogTokenErrorState] Token error with: None for account type: MSA
2025-02-21 03:16:52.703: [INFO][Sync] Credentials changed for: EdgeSyncKeyDataScope
2025-02-21 03:16:52.704: [INFO][SyncEngineBackend::DoUpdateKeyDataCredentials] Update key data credentials
2025-02-21 03:16:55.265: [INFO][SyncAuthManager::SetLastAuthError] Current auth error: None
2025-02-21 03:16:55.265: [INFO][SyncAuthManager::EdgeLogTokenErrorState] Token error with: None for account type: MSA
2025-02-21 03:16:55.265: [INFO][Sync] Credentials changed for: EdgeSyncScopeNew
2025-02-21 03:16:55.265: [INFO][SyncEngineBackend::DoUpdateCredentials] Update credentials
2025-02-21 03:16:55.265: [INFO][SyncEngineBackend::DoUpdateKeyDataCredentials] Update key data credentials
2025-02-21 03:16:55.266: [INFO][SyncSchedulerImpl::DoConfigurationSyncCycleJob] Blocked types:  and types to download: Encryption Keys
2025-02-21 03:16:56.593: [INFO][Sync] Started DataTypeManager configuration, reason: 4
2025-02-21 03:16:56.595: [INFO][Sync] Configuring for: Bookmarks, Preferences, Passwords, Autofill Profiles, Autofill, Extensions, Sessions, Extension settings, History Delete Directives, Device Info, User Consents, Send Tab To Self, Web Apps, History, Collection, Edge E Drop, Edge Hub App Usage, Edge Tab Group, Edge Wallet, Encryption Keys, reason: 3, current state: 0
2025-02-21 03:16:56.599: [INFO][Sync] Configure, desired: Bookmarks, Preferences, Extensions, Sessions, Extension settings, History Delete Directives, Device Info, User Consents, Send Tab To Self, Web Apps, History, Collection, Edge E Drop, Edge Hub App Usage, Edge Tab Group, Edge Wallet, Encryption Keys; Allow fail: Passwords, Autofill Profiles, Autofill
2025-02-21 03:16:56.601: [INFO][Sync] Loading: Bookmarks
2025-02-21 03:16:56.601: [INFO][Sync] Loading: Preferences
2025-02-21 03:16:56.602: [INFO][Sync] Loading: Extensions
2025-02-21 03:16:56.603: [INFO][Sync] Loading: Sessions
2025-02-21 03:16:56.603: [INFO][Sync] Loading: Extension settings
2025-02-21 03:16:56.603: [INFO][Sync] Loading: History Delete Directives
2025-02-21 03:16:56.605: [INFO][Sync] Loading: Device Info
2025-02-21 03:16:56.607: [INFO][Sync] Loading: User Consents
2025-02-21 03:16:56.607: [INFO][Sync] Loading: Send Tab To Self
2025-02-21 03:16:56.608: [INFO][Sync] Loading: Web Apps
2025-02-21 03:16:56.608: [INFO][Sync] Loading: History
2025-02-21 03:16:56.608: [INFO][Sync] Loading: Collection
2025-02-21 03:16:56.608: [INFO][Sync] Loading: Edge E Drop
2025-02-21 03:16:56.608: [INFO][Sync] Loading: Edge Hub App Usage
2025-02-21 03:16:56.608: [INFO][Sync] Loading: Edge Tab Group
2025-02-21 03:16:56.608: [INFO][Sync] Loading: Edge Wallet
2025-02-21 03:16:56.619: [INFO][Sync] All data types are ready for configure.
2025-02-21 03:16:57.788: [INFO][Sync] Started DataTypeManager configuration, reason: 5
2025-02-21 03:16:57.788: [INFO][Sync] Configuring for: Bookmarks, Preferences, Passwords, Autofill Profiles, Autofill, Extensions, Sessions, Extension settings, History Delete Directives, Device Info, User Consents, Send Tab To Self, Web Apps, History, Collection, Edge E Drop, Edge Hub App Usage, Edge Tab Group, Edge Wallet, Encryption Keys, reason: 5, current state: 1
2025-02-21 03:16:57.794: [INFO][SyncEngineBackend::DoStartConfiguration] Start configuration
2025-02-21 03:16:57.794: [INFO][SyncManagerImpl::NudgeForInitialDownload] Initial download nudge for Bookmarks
2025-02-21 03:16:57.794: [INFO][SyncManagerImpl::NudgeForInitialDownload] Initial download nudge for Preferences
2025-02-21 03:16:57.794: [INFO][SyncManagerImpl::NudgeForInitialDownload] Initial download nudge for Extensions
2025-02-21 03:16:57.794: [INFO][SyncManagerImpl::NudgeForInitialDownload] Initial download nudge for Sessions
2025-02-21 03:16:57.794: [INFO][SyncManagerImpl::NudgeForInitialDownload] Initial download nudge for Extension settings
2025-02-21 03:16:57.794: [INFO][SyncManagerImpl::NudgeForInitialDownload] Initial download nudge for History Delete Directives
2025-02-21 03:16:57.794: [INFO][SyncManagerImpl::NudgeForInitialDownload] Initial download nudge for Device Info
2025-02-21 03:16:57.795: [INFO][SyncManagerImpl::NudgeForInitialDownload] Initial download nudge for Send Tab To Self
2025-02-21 03:16:57.795: [INFO][SyncManagerImpl::NudgeForInitialDownload] Initial download nudge for Web Apps
2025-02-21 03:16:57.795: [INFO][SyncManagerImpl::NudgeForInitialDownload] Initial download nudge for History
2025-02-21 03:16:57.795: [INFO][SyncManagerImpl::NudgeForInitialDownload] Initial download nudge for Collection
2025-02-21 03:16:57.795: [INFO][SyncManagerImpl::NudgeForInitialDownload] Initial download nudge for Edge E Drop
2025-02-21 03:16:57.795: [INFO][SyncManagerImpl::NudgeForInitialDownload] Initial download nudge for Edge Hub App Usage
2025-02-21 03:16:57.795: [INFO][SyncManagerImpl::NudgeForInitialDownload] Initial download nudge for Edge Tab Group
2025-02-21 03:16:57.795: [INFO][SyncManagerImpl::NudgeForInitialDownload] Initial download nudge for Edge Wallet
2025-02-21 03:16:57.795: [INFO][SyncManagerImpl::ConfigureSyncer] Types to download:  with reason: 3
2025-02-21 03:16:57.795: [INFO][SyncEngineBackend::DoFinishConfigureDataTypes] Failed to download types:  and succeeded types: 
2025-02-21 03:16:57.796: [INFO][Sync] ConfigurationDone, failed: , succeeded: , remaining count: 4
2025-02-21 03:16:57.796: [WARN][Sync]     Reconfigure requested while configuration ongoing.
2025-02-21 03:16:57.796: [INFO][Sync] Configuring for: Bookmarks, Preferences, Passwords, Autofill Profiles, Autofill, Extensions, Sessions, Extension settings, History Delete Directives, Device Info, User Consents, Send Tab To Self, Web Apps, History, Collection, Edge E Drop, Edge Hub App Usage, Edge Tab Group, Edge Wallet, Encryption Keys, reason: 5, current state: 2
2025-02-21 03:16:57.796: [INFO][Sync] Configure, desired: Bookmarks, Preferences, Passwords, Autofill Profiles, Autofill, Extensions, Sessions, Extension settings, History Delete Directives, Device Info, User Consents, Send Tab To Self, Web Apps, History, Collection, Edge E Drop, Edge Hub App Usage, Edge Tab Group, Edge Wallet, Encryption Keys; Allow fail: 
2025-02-21 03:16:57.796: [INFO][Sync] Loading: Passwords
2025-02-21 03:16:57.796: [INFO][Sync] Loading: Autofill Profiles
2025-02-21 03:16:57.796: [INFO][Sync] Loading: Autofill
2025-02-21 03:16:57.797: [INFO][Sync] All data types are ready for configure.
2025-02-21 03:16:57.797: [INFO][SyncManagerImpl::NudgeForInitialDownload] Initial download nudge for Passwords
2025-02-21 03:16:57.797: [INFO][SyncManagerImpl::NudgeForInitialDownload] Initial download nudge for Autofill Profiles
2025-02-21 03:16:57.797: [INFO][SyncManagerImpl::NudgeForInitialDownload] Initial download nudge for Autofill
2025-02-21 03:16:57.797: [INFO][SyncManagerImpl::ConfigureSyncer] Types to download:  with reason: 5
2025-02-21 03:16:57.797: [INFO][SyncEngineBackend::DoFinishConfigureDataTypes] Failed to download types:  and succeeded types: 
2025-02-21 03:16:57.797: [INFO][Sync] ConfigurationDone, failed: , succeeded: , remaining count: 4
2025-02-21 03:16:57.798: [INFO][Sync] Prepare to configure types: Preferences, Passwords, Device Info, Send Tab To Self, Edge E Drop, Encryption Keys
2025-02-21 03:16:57.798: [INFO][SyncManagerImpl::ConfigureSyncer] Types to download: Preferences, Passwords, Device Info, Send Tab To Self, Edge E Drop, Encryption Keys with reason: 5
2025-02-21 03:16:57.798: [INFO][SyncSchedulerImpl::DoConfigurationSyncCycleJob] Blocked types:  and types to download: Preferences, Passwords, Device Info, Send Tab To Self, Edge E Drop, Encryption Keys
2025-02-21 03:16:58.457: [INFO][SyncEngineBackend::DoFinishConfigureDataTypes] Failed to download types:  and succeeded types: Preferences, Passwords, Device Info, Send Tab To Self, Edge E Drop, Encryption Keys
2025-02-21 03:16:58.490: [INFO][Sync] ConfigurationDone, failed: , succeeded: Preferences, Passwords, Device Info, Send Tab To Self, Edge E Drop, Encryption Keys, remaining count: 3
2025-02-21 03:16:58.490: [INFO][Sync] Prepare to configure types: Bookmarks, Encryption Keys
2025-02-21 03:16:58.490: [INFO][SyncManagerImpl::ConfigureSyncer] Types to download: Bookmarks, Encryption Keys with reason: 5
2025-02-21 03:16:58.490: [INFO][SyncSchedulerImpl::DoConfigurationSyncCycleJob] Blocked types:  and types to download: Bookmarks, Encryption Keys
2025-02-21 03:16:58.769: [INFO][SyncEngineBackend::DoFinishConfigureDataTypes] Failed to download types:  and succeeded types: Bookmarks, Encryption Keys
2025-02-21 03:16:59.427: [INFO][Sync] ConfigurationDone, failed: , succeeded: Bookmarks, Encryption Keys, remaining count: 2
2025-02-21 03:16:59.427: [INFO][Sync] Prepare to configure types: Autofill Profiles, Autofill, Extensions, Sessions, Extension settings, History Delete Directives, Web Apps, Collection, Edge Hub App Usage, Edge Tab Group, Edge Wallet, Encryption Keys
2025-02-21 03:16:59.428: [INFO][SyncManagerImpl::ConfigureSyncer] Types to download: Autofill Profiles, Autofill, Extensions, Sessions, Extension settings, History Delete Directives, Web Apps, Collection, Edge Hub App Usage, Edge Tab Group, Edge Wallet, Encryption Keys with reason: 5
2025-02-21 03:16:59.428: [INFO][SyncSchedulerImpl::DoConfigurationSyncCycleJob] Blocked types:  and types to download: Autofill Profiles, Autofill, Extensions, Sessions, Extension settings, History Delete Directives, Web Apps, Collection, Edge Hub App Usage, Edge Tab Group, Edge Wallet, Encryption Keys
2025-02-21 03:16:59.879: [INFO][SyncEngineBackend::DoFinishConfigureDataTypes] Failed to download types:  and succeeded types: Autofill Profiles, Autofill, Extensions, Sessions, Extension settings, History Delete Directives, Web Apps, Collection, Edge Hub App Usage, Edge Tab Group, Edge Wallet, Encryption Keys
2025-02-21 03:16:59.880: [INFO][Sync] ConfigurationDone, failed: , succeeded: Autofill Profiles, Autofill, Extensions, Sessions, Extension settings, History Delete Directives, Web Apps, Collection, Edge Hub App Usage, Edge Tab Group, Edge Wallet, Encryption Keys, remaining count: 1
2025-02-21 03:16:59.882: [INFO][Sync] Prepare to configure types: History, Encryption Keys
2025-02-21 03:16:59.882: [INFO][SyncManagerImpl::ConfigureSyncer] Types to download: History, Encryption Keys with reason: 5
2025-02-21 03:16:59.882: [INFO][SyncSchedulerImpl::DoConfigurationSyncCycleJob] Blocked types:  and types to download: History, Encryption Keys
2025-02-21 03:17:00.205: [INFO][SyncEngineBackend::DoFinishConfigureDataTypes] Failed to download types:  and succeeded types: History, Encryption Keys
2025-02-21 03:17:00.211: [INFO][Sync] ConfigurationDone, failed: , succeeded: History, Encryption Keys, remaining count: 0
2025-02-21 03:17:00.213: [INFO][Sync]     Configuration completed, state: 7
2025-02-21 03:17:00.214: [INFO][Sync] Configured DataTypeManager: Ok
2025-02-21 03:17:00.216: [INFO][SyncEngineBackend::DoStartSyncing] Start syncing
